C51 COMPILER V9.01   DELAY                                                                 08/14/2016 10:51:36 PAGE 1   


C51 COMPILER V9.01, COMPILATION OF MODULE DELAY
OBJECT MODULE PLACED IN delay.OBJ
COMPILER INVOKED BY: C:\Keil\C51\BIN\C51.EXE delay.c BROWSE DEBUG OBJECTEXTEND TABS(2)

line level    source

   1          #include "delay.h"
   2          void Delay_10us(void)   //误差 0us
   3          {
   4   1        unsigned char a,b;
   5   1        for(b=1;b>0;b--)
   6   1        for(a=2;a>0;a--);
   7   1      }
   8          void Delay_100us(void)   //误差 0us
   9          {
  10   1          unsigned char a,b;
  11   1          for(b=1;b>0;b--)
  12   1              for(a=47;a>0;a--);
  13   1      }
  14          void Delay_1ms(void)   //误差 0us
  15          {
  16   1          unsigned char a,b,c;
  17   1          for(c=1;c>0;c--)
  18   1              for(b=142;b>0;b--)
  19   1                  for(a=2;a>0;a--);
  20   1      }
  21          void Delay_5ms(void)   //误差 0us
  22          {
  23   1          unsigned char a,b;
  24   1          for(b=19;b>0;b--)
  25   1              for(a=130;a>0;a--);
  26   1      }
  27          void Delay_10ms(void)   //误差 0us
  28          {
  29   1          unsigned char a,b,c;
  30   1          for(c=1;c>0;c--)
  31   1              for(b=38;b>0;b--)
  32   1                  for(a=130;a>0;a--);
  33   1      }
  34          void Delay_100ms(void)   //误差 0us
  35          {
  36   1          unsigned char a,b,c;
  37   1          for(c=19;c>0;c--)
  38   1              for(b=20;b>0;b--)
  39   1                  for(a=130;a>0;a--);
  40   1      }
  41          void Delay_500ms(void)   //误差 0us
  42          {
  43   1          unsigned char a,b,c;
  44   1          for(c=23;c>0;c--)
  45   1              for(b=152;b>0;b--)
  46   1                  for(a=70;a>0;a--);
  47   1      }


MODULE INFORMATION:   STATIC OVERLAYABLE
   CODE SIZE        =     79    ----
   CONSTANT SIZE    =   ----    ----
   XDATA SIZE       =   ----    ----
   PDATA SIZE       =   ----    ----
   DATA SIZE        =   ----    ----
C51 COMPILER V9.01   DELAY                                                                 08/14/2016 10:51:36 PAGE 2   

   IDATA SIZE       =   ----    ----
   BIT SIZE         =   ----    ----
END OF MODULE INFORMATION.


C51 COMPILATION COMPLETE.  0 WARNING(S),  0 ERROR(S)
