C51 COMPILER V9.01   DIGITAL_CONTROL                                                       08/15/2016 16:53:18 PAGE 1   


C51 COMPILER V9.01, COMPILATION OF MODULE DIGITAL_CONTROL
OBJECT MODULE PLACED IN digital_control.OBJ
COMPILER INVOKED BY: C:\Keil\C51\BIN\C51.EXE digital_control.c BROWSE DEBUG OBJECTEXTEND TABS(2)

line level    source

   1          #include "digital_control.h"
   2          unsigned char code DIG_PLACE[8]={
   3          0xfe,0xfd,0xfb,0xf7,0xef,0xdf,0xbf,0x7f};//位选控制   查表的方法控制
   4          unsigned char code DIG_CODE[17]={
   5          0x3f,0x06,0x5b,0x4f,0x66,0x6d,0x7d,0x07,
   6          0x7f,0x6f,0x77,0x7c,0x39,0x5e,0x79,0x71};
   7          //0、1、2、3、4、5、6、7、8、9、A、b、C、d、E、F的显示码
   8          void Display_digital()
   9          {
  10   1        int i,j;
  11   1        for(i=0;i<8;i++)
  12   1        {
  13   2          DIG_GPIO_DUAN=DIG_CODE[i];
  14   2          DIG_GPIO_WEI=DIG_PLACE[i];
  15   2          j=10;
  16   2          while(j--);
  17   2          DIG_GPIO_DUAN=0X00;
  18   2        }
  19   1      }


MODULE INFORMATION:   STATIC OVERLAYABLE
   CODE SIZE        =     60    ----
   CONSTANT SIZE    =     25    ----
   XDATA SIZE       =   ----    ----
   PDATA SIZE       =   ----    ----
   DATA SIZE        =   ----    ----
   IDATA SIZE       =   ----    ----
   BIT SIZE         =   ----    ----
END OF MODULE INFORMATION.


C51 COMPILATION COMPLETE.  0 WARNING(S),  0 ERROR(S)
