C51 COMPILER V9.01   EEPROM                                                                08/15/2016 17:27:10 PAGE 1   


C51 COMPILER V9.01, COMPILATION OF MODULE EEPROM
OBJECT MODULE PLACED IN EEPROM.OBJ
COMPILER INVOKED BY: C:\Keil\C51\BIN\C51.EXE EEPROM.c BROWSE DEBUG OBJECTEXTEND TABS(2)

line level    source

   1          #include "EEPROM.h"
   2          void AT24C02_write(char addr,char dat)
   3          {
   4   1        I2C_start();
   5   1        I2C_sendbyte(0xa0);//发送写命令
   6   1        I2C_sendbyte(addr);
   7   1        I2C_sendbyte(dat);
   8   1        I2C_end();
*** WARNING C206 IN LINE 8 OF EEPROM.C: 'I2C_end': missing function-prototype
   9   1      }
  10          char AT24C02_read(char addr)
  11          {
  12   1        char dat;
  13   1        I2C_start();
  14   1        I2C_sendbyte(0xA0);//发送写命令
  15   1        I2C_sendbyte(addr);
  16   1        I2C_start();
  17   1        I2C_sendbyte(0xA1);
  18   1        dat=I2C_readbyte();
  19   1        I2C_end();
  20   1        return dat;
  21   1      }


MODULE INFORMATION:   STATIC OVERLAYABLE
   CODE SIZE        =     59    ----
   CONSTANT SIZE    =   ----    ----
   XDATA SIZE       =   ----    ----
   PDATA SIZE       =   ----    ----
   DATA SIZE        =   ----       4
   IDATA SIZE       =   ----    ----
   BIT SIZE         =   ----    ----
END OF MODULE INFORMATION.


C51 COMPILATION COMPLETE.  1 WARNING(S),  0 ERROR(S)
