C51 COMPILER V9.01   I2C                                                                   08/18/2016 19:59:31 PAGE 1   


C51 COMPILER V9.01, COMPILATION OF MODULE I2C
OBJECT MODULE PLACED IN I2C.OBJ
COMPILER INVOKED BY: C:\Keil\C51\BIN\C51.EXE I2C.c BROWSE DEBUG OBJECTEXTEND TABS(2)

line level    source

   1          #include "I2C.h"
   2          sbit I2C_SDA=P2^0;
   3          sbit I2C_SCL=P2^1;
   4          static char i=0;
   5          void I2C_start(void)
   6          {
   7   1        I2C_SDA=1;
   8   1        Delay_10us();
   9   1        I2C_SCL=1;
  10   1        Delay_10us();
  11   1        I2C_SDA=0;
  12   1        Delay_10us();
  13   1        I2C_SCL=0;
  14   1        Delay_10us();
  15   1      }
  16          void I2C_end(void)
  17          {
  18   1        I2C_SDA=0;
  19   1        Delay_10us();
  20   1        I2C_SCL=1;
  21   1        Delay_10us();
  22   1        I2C_SDA=1;
  23   1        Delay_10us();
  24   1      }
  25          char I2C_sendbyte(char dat)
  26          {
  27   1        char t;
  28   1        I2C_SCL=0;
  29   1        for(i=0;i<8;i++)
  30   1        {
  31   2          I2C_SDA=dat>>7;
  32   2          dat<<=1;
  33   2          Delay_10us();
  34   2          I2C_SCL=1;
  35   2          Delay_10us();
  36   2          I2C_SCL=0;
  37   2          Delay_10us();
  38   2        }
  39   1        I2C_SDA=1;
  40   1        Delay_10us();
  41   1        I2C_SCL=1;
  42   1        while (I2C_SDA)
  43   1        {
  44   2          t++;
  45   2          if(t>200)
  46   2          {
  47   3            I2C_SCL=0;
  48   3            Delay_10us();
  49   3            return 0;
  50   3          }
  51   2        }
  52   1        I2C_SCL=0;
  53   1        Delay_10us();
  54   1        return 1;
  55   1      }
C51 COMPILER V9.01   I2C                                                                   08/18/2016 19:59:31 PAGE 2   

  56          char I2C_readbyte(void)
  57          {
  58   1        char dat=0;
  59   1        I2C_SDA=1;
  60   1        for(i=0;i<8;i++)
  61   1        {
  62   2          I2C_SCL=1;
  63   2          Delay_10us();
  64   2          dat<<=1;
  65   2          dat|=I2C_SDA;
  66   2          Delay_10us();
  67   2          I2C_SCL=0;
  68   2          Delay_10us();
  69   2        }
  70   1        return dat;
  71   1      }


MODULE INFORMATION:   STATIC OVERLAYABLE
   CODE SIZE        =    177    ----
   CONSTANT SIZE    =   ----    ----
   XDATA SIZE       =   ----    ----
   PDATA SIZE       =   ----    ----
   DATA SIZE        =      1       3
   IDATA SIZE       =   ----    ----
   BIT SIZE         =   ----    ----
END OF MODULE INFORMATION.


C51 COMPILATION COMPLETE.  0 WARNING(S),  0 ERROR(S)
