C51 COMPILER V9.01   KEYDOWN                                                               08/14/2016 12:37:51 PAGE 1   


C51 COMPILER V9.01, COMPILATION OF MODULE KEYDOWN
OBJECT MODULE PLACED IN keydown.OBJ
COMPILER INVOKED BY: C:\Keil\C51\BIN\C51.EXE keydown.c BROWSE DEBUG OBJECTEXTEND TABS(2)

line level    source

   1          #include "keydown.h"
   2          char flag_key=0,keyvalue;
   3          char Keydown(void)
   4          {
   5   1        GPIO_KEY=0X0F;
   6   1        if(GPIO_KEY!=0X0F)
   7   1        {
   8   2          Delay_1ms();
   9   2          if(GPIO_KEY!=0X0F)
  10   2          {
  11   3            flag_key=1;
  12   3            switch (GPIO_KEY)
  13   3             {
  14   4              case 0X07: keyvalue=0;  break;
  15   4              case 0x0B: keyvalue=1;  break;
  16   4              case 0x0D: keyvalue=2;  break;
  17   4              case 0x0E: keyvalue=3;  break;
  18   4              default  : break;
  19   4            }
  20   3            GPIO_KEY=0XF0;
  21   3            switch (GPIO_KEY)
  22   3            {
  23   4              case 0X70: keyvalue+=0;  break;
  24   4              case 0xB0: keyvalue+=4;  break;
  25   4              case 0xD0: keyvalue+=8;  break;
  26   4              case 0x0E: keyvalue+=12; break;
  27   4              default  : break;
  28   4            }
  29   3            while(GPIO_KEY!=0XF0);
  30   3          }
  31   2        }
  32   1        return keyvalue;
  33   1      }


MODULE INFORMATION:   STATIC OVERLAYABLE
   CODE SIZE        =    101    ----
   CONSTANT SIZE    =   ----    ----
   XDATA SIZE       =   ----    ----
   PDATA SIZE       =   ----    ----
   DATA SIZE        =      2    ----
   IDATA SIZE       =   ----    ----
   BIT SIZE         =   ----    ----
END OF MODULE INFORMATION.


C51 COMPILATION COMPLETE.  0 WARNING(S),  0 ERROR(S)
