C51 COMPILER V9.01   LCD1602                                                               08/19/2016 11:28:52 PAGE 1   


C51 COMPILER V9.01, COMPILATION OF MODULE LCD1602
OBJECT MODULE PLACED IN LCD1602.OBJ
COMPILER INVOKED BY: C:\Keil\C51\BIN\C51.EXE LCD1602.c COMPACT DEBUG OBJECTEXTEND TABS(2)

line level    source

   1          #include "LCD1602.h"
   2          
   3          void LCD1602_Writecom(char com)
   4          {
   5   1        LCD1602_RS=L;
   6   1        LCD1602_RW=L;
   7   1        LCD1602_E=L;
   8   1      
   9   1        LCDDATA=com;
  10   1        Delay_5ms();
  11   1        LCD1602_E=H;
  12   1        Delay_5ms();
  13   1        LCD1602_E=L;
  14   1      }
  15          void LCD1602_Writedata(char dat)
  16          {
  17   1        LCD1602_RS=H;
  18   1        LCD1602_RW=L;
  19   1        LCD1602_E=L;
  20   1      
  21   1        LCDDATA=dat;
  22   1        Delay_5ms();
  23   1        LCD1602_E=H;
  24   1        Delay_5ms();
  25   1        LCD1602_E=L;
  26   1      }
  27          void LCD1602_Init()
  28          {
  29   1        LCD1602_Writecom(0X38);//显示模式
  30   1        LCD1602_Writecom(0X0C);//开显示不显示光标
  31   1        LCD1602_Writecom(0X06);//当输入一个字符，光标自动向后移动一位
  32   1        LCD1602_Writecom(0X01);//清屏
  33   1        LCD1602_Writecom(0X80);//指针起点
  34   1      }
  35          void LCD1602_Writestring(char *s)
  36          {
  37   1        char p;
  38   1        for(p=0;s[p]!='\0';p++)
  39   1        {
  40   2          LCD1602_Writedata(s[p]);
  41   2          // Delay_500ms();
  42   2        }
  43   1      }


MODULE INFORMATION:   STATIC OVERLAYABLE
   CODE SIZE        =    113    ----
   CONSTANT SIZE    =   ----    ----
   XDATA SIZE       =   ----    ----
   PDATA SIZE       =   ----       4
   DATA SIZE        =   ----    ----
   IDATA SIZE       =   ----    ----
   BIT SIZE         =   ----    ----
END OF MODULE INFORMATION.


C51 COMPILATION COMPLETE.  0 WARNING(S),  0 ERROR(S)
