C51 COMPILER V9.01   NRF2401                                                               08/20/2016 20:31:57 PAGE 1   


C51 COMPILER V9.01, COMPILATION OF MODULE NRF2401
OBJECT MODULE PLACED IN NRF2401.OBJ
COMPILER INVOKED BY: C:\Keil\C51\BIN\C51.EXE NRF2401.c BROWSE DEBUG OBJECTEXTEND TABS(2)

line level    source

   1          /**********************************************************/
   2          /* 名   称：NRF24L01+无线USB通信模块程序                  */
   3          /* 功   能：发送接收测试程序                              */
   4          /*          格式：首位是个数，后面跟要发送的数据          */
   5          /*                例如：发送5个字节 11 22 33 44 55(16进制)*/
   6          /*                电脑串口发送：1122334455                */
   7          /*                模块实际发送：051122334455              */
   8          /* 作者：BQDZ     （论坛：http://bqdz.taobao.com）        */
   9          /* 联系方式： QQ :851968194     旺旺：王亚坤2864          */
  10          /*           手机：15821472722（上海）                    */
  11          /**********************************************************/
  12          #include<reg51.h>
  13          #include<string.h>
  14          #include<intrins.h>
  15          #include<stdlib.h>
  16          #define uchar unsigned char
  17          #define uint  unsigned int
  18          
  19          /**********  NRF24L01寄存器操作命令  ***********/
  20          #define READ_REG        0x00  //读配置寄存器,低5位为寄存器地址
  21          #define WRITE_REG       0x20  //写配置寄存器,低5位为寄存器地址
  22          #define RD_RX_PLOAD     0x61  //读RX有效数据,1~32字节
  23          #define WR_TX_PLOAD     0xA0  //写TX有效数据,1~32字节
  24          #define FLUSH_TX        0xE1  //清除TX FIFO寄存器.发射模式下用
  25          #define FLUSH_RX        0xE2  //清除RX FIFO寄存器.接收模式下用
  26          #define REUSE_TX_PL     0xE3  //重新使用上一包数据,CE为高,数据包被不断发送.
  27          #define NOP             0xFF  //空操作,可以用来读状态寄存器
  28          /**********  NRF24L01寄存器地址   *************/
  29          #define CONFIG          0x00  //配置寄存器地址
  30          #define EN_AA           0x01  //使能自动应答功能
  31          #define EN_RXADDR       0x02  //接收地址允许
  32          #define SETUP_AW        0x03  //设置地址宽度(所有数据通道)
  33          #define SETUP_RETR      0x04  //建立自动重发
  34          #define RF_CH           0x05  //RF通道
  35          #define RF_SETUP        0x06  //RF寄存器
  36          #define STATUS          0x07  //状态寄存器
  37          #define OBSERVE_TX      0x08  // 发送检测寄存器
  38          #define CD              0x09  // 载波检测寄存器
  39          #define RX_ADDR_P0      0x0A  // 数据通道0接收地址
  40          #define RX_ADDR_P1      0x0B  // 数据通道1接收地址
  41          #define RX_ADDR_P2      0x0C  // 数据通道2接收地址
  42          #define RX_ADDR_P3      0x0D  // 数据通道3接收地址
  43          #define RX_ADDR_P4      0x0E  // 数据通道4接收地址
  44          #define RX_ADDR_P5      0x0F  // 数据通道5接收地址
  45          #define TX_ADDR         0x10  // 发送地址寄存器
  46          #define RX_PW_P0        0x11  // 接收数据通道0有效数据宽度(1~32字节)
  47          #define RX_PW_P1        0x12  // 接收数据通道1有效数据宽度(1~32字节)
  48          #define RX_PW_P2        0x13  // 接收数据通道2有效数据宽度(1~32字节)
  49          #define RX_PW_P3        0x14  // 接收数据通道3有效数据宽度(1~32字节)
  50          #define RX_PW_P4        0x15  // 接收数据通道4有效数据宽度(1~32字节)
  51          #define RX_PW_P5        0x16  // 接收数据通道5有效数据宽度(1~32字节)
  52          #define FIFO_STATUS     0x17  // FIFO状态寄存器
  53          /*——————————————————————————————————
             -—————————————————————————————————*/
  54          
C51 COMPILER V9.01   NRF2401                                                               08/20/2016 20:31:57 PAGE 2   

  55          /******   STATUS寄存器bit位定义      *******/
  56          #define MAX_TX    0x10      //达到最大发送次数中断
  57          #define TX_OK     0x20      //TX发送完成中断
  58          #define RX_OK     0x40      //接收到数据中断
  59          /*——————————————————————————————————
             -———————————————*/
  60          
  61          /*********     24L01发送接收数据宽度定义    ***********/
  62          #define TX_ADR_WIDTH    5     //5字节地址宽度
  63          #define RX_ADR_WIDTH    5     //5字节地址宽度
  64          #define TX_PLOAD_WIDTH  32    //32字节有效数据宽度
  65          #define RX_PLOAD_WIDTH  32    //32字节有效数据宽度
  66          
  67          const uchar TX_ADDRESS[TX_ADR_WIDTH]={0xFF,0xFF,0xFF,0xFF,0xFF}; //发送地址
  68          const uchar RX_ADDRESS[RX_ADR_WIDTH]={0xFF,0xFF,0xFF,0xFF,0xFF}; //发送地址
  69          
  70          // sbit NRF_CE   = P2^7;
  71          // sbit NRF_CSN  = P2^6;
  72          // sbit NRF_MISO = P2^3;
  73          // sbit NRF_MOSI = P2^4;
  74          // sbit NRF_SCK  = P2^5;
  75          // sbit NRF_IRQ  = P2^2;
  76          sbit NRF_CE   = P3^0;
  77          sbit NRF_SCK  = P3^1;
  78          sbit NRF_MISO = P3^2;
  79          sbit NRF_CSN  = P3^3;
  80          sbit NRF_MOSI = P3^4;
  81          sbit NRF_IRQ  = P3^5;
  82          // sbit LED=P3^0;
  83          
  84          //sbit S1=P3^2;
  85          //sbit S2=P3^4;
  86          uchar rece_buf[32];
  87          
  88          void Sendlength(uchar *buff);
  89          int intlen(int num);//计算int类型的数的长度
  90          void Int_to_char(int num,char *buffer);//将整数拆开放入数组里
  91          void sendstring(char *buffer);//发送数组
  92          
  93          void delay_us(uchar num)
  94          {
  95   1        uchar i;
  96   1        for(i=0;i>num;i++)
  97   1        _nop_();
  98   1      }
  99          void delay_150us()
 100          {
 101   1        uint i;
 102   1      
 103   1        for(i=0;i>150;i++);
 104   1      }
 105          void delay(uint t)
 106          {
 107   1        uchar k;
 108   1        while(t--)
 109   1        for(k=0;k<200;k++);
 110   1      }
 111          /***************************************************************/
 112          
 113          /*******************************************************************/
 114          uchar SPI_RW(uchar byte)
 115          {
C51 COMPILER V9.01   NRF2401                                                               08/20/2016 20:31:57 PAGE 3   

 116   1        uchar bit_ctr;
 117   1        for(bit_ctr=0;bit_ctr<8;bit_ctr++)  // 输出8位
 118   1        {
 119   2          NRF_MOSI=(byte&0x80);       // MSB TO MOSI
 120   2          byte=(byte<<1);         // shift next bit to MSB
 121   2          NRF_SCK=1;
 122   2          byte|=NRF_MISO;             // capture current MISO bit
 123   2          NRF_SCK=0;
 124   2        }
 125   1        return byte;
 126   1      }
 127          
 128          /*********************************************/
 129          /* 函数功能：给24L01的寄存器写值（一个字节） */
 130          /* 入口参数：reg   要写的寄存器地址          */
 131          /*           value 给寄存器写的值            */
 132          /* 出口参数：status 状态值                   */
 133          /*********************************************/
 134          uchar NRF24L01_Write_Reg(uchar reg,uchar value)
 135          {
 136   1        uchar status;
 137   1      
 138   1        NRF_CSN=0;                  //CSN=0;
 139   1          status = SPI_RW(reg);   //发送寄存器地址,并读取状态值
 140   1        SPI_RW(value);
 141   1        NRF_CSN=1;                  //CSN=1;
 142   1      
 143   1        return status;
 144   1      }
 145          /*************************************************/
 146          /* 函数功能：读24L01的寄存器值 （一个字节）      */
 147          /* 入口参数：reg  要读的寄存器地址               */
 148          /* 出口参数：value 读出寄存器的值                */
 149          /*************************************************/
 150          uchar NRF24L01_Read_Reg(uchar reg)
 151          {
 152   1        uchar value;
 153   1      
 154   1        NRF_CSN=0;              //CSN=0;
 155   1          SPI_RW(reg);      //发送寄存器值(位置),并读取状态值
 156   1        value = SPI_RW(NOP);
 157   1        NRF_CSN=1;              //CSN=1;
 158   1      
 159   1        return value;
 160   1      }
 161          /*********************************************/
 162          /* 函数功能：读24L01的寄存器值（多个字节）   */
 163          /* 入口参数：reg   寄存器地址                */
 164          /*           *pBuf 读出寄存器值的存放数组    */
 165          /*           len   数组字节长度              */
 166          /* 出口参数：status 状态值                   */
 167          /*********************************************/
 168          uchar NRF24L01_Read_Buf(uchar reg,uchar *pBuf,uchar len)
 169          {
 170   1        uchar status,u8_ctr;
 171   1        NRF_CSN=0;                    //CSN=0
 172   1          status=SPI_RW(reg);       //发送寄存器地址,并读取状态值
 173   1        for(u8_ctr=0;u8_ctr<len;u8_ctr++)
 174   1        pBuf[u8_ctr]=SPI_RW(0XFF);    //读出数据
 175   1        NRF_CSN=1;                    //CSN=1
 176   1          return status;              //返回读到的状态值
 177   1      }
C51 COMPILER V9.01   NRF2401                                                               08/20/2016 20:31:57 PAGE 4   

 178          /**********************************************/
 179          /* 函数功能：给24L01的寄存器写值（多个字节）  */
 180          /* 入口参数：reg  要写的寄存器地址            */
 181          /*           *pBuf 值的存放数组               */
 182          /*           len   数组字节长度               */
 183          /**********************************************/
 184          uchar NRF24L01_Write_Buf(uchar reg, uchar *pBuf, uchar len)
 185          {
 186   1        uchar status,u8_ctr;
 187   1        NRF_CSN=0;
 188   1          status = SPI_RW(reg);     //发送寄存器值(位置),并读取状态值
 189   1          for(u8_ctr=0; u8_ctr<len; u8_ctr++)
 190   1        SPI_RW(*pBuf++);        //写入数据
 191   1        NRF_CSN=1;
 192   1          return status;              //返回读到的状态值
 193   1      }
 194          
 195          /*********************************************/
 196          /* 函数功能：24L01接收数据                   */
 197          /* 入口参数：rxbuf 接收数据数组              */
 198          /* 返回值： 0   成功收到数据                 */
 199          /*          1   没有收到数据                 */
 200          /*********************************************/
 201          uchar NRF24L01_RxPacket(uchar *rxbuf)
 202          {
 203   1        uchar state;
 204   1      
 205   1        state=NRF24L01_Read_Reg(STATUS);        //读取状态寄存器的值
 206   1        NRF24L01_Write_Reg(WRITE_REG+STATUS,state); //清除TX_DS或MAX_RT中断标志
 207   1        if(state&RX_OK)               //接收到数据
 208   1        {
 209   2          NRF_CE = 0;
 210   2          NRF24L01_Read_Buf(RD_RX_PLOAD,rxbuf,RX_PLOAD_WIDTH);//读取数据
 211   2          NRF24L01_Write_Reg(FLUSH_RX,0xff);          //清除RX FIFO寄存器
 212   2          NRF_CE = 1;
 213   2          delay_150us();
 214   2          return 0;
 215   2        }
 216   1        return 1;//没收到任何数据
 217   1      }
 218          /**********************************************/
 219          /* 函数功能：设置24L01为发送模式              */
 220          /* 入口参数：txbuf  发送数据数组              */
 221          /* 返回值； 0x10    达到最大重发次数，发送失败*/
 222          /*          0x20    成功发送完成              */
 223          /*          0xff    发送失败                  */
 224          /**********************************************/
 225          uchar NRF24L01_TxPacket(uchar *txbuf)
 226          {
 227   1        uchar state;
 228   1      
 229   1        NRF_CE=0;                       //CE拉低，使能24L01配置
 230   1          NRF24L01_Write_Buf(WR_TX_PLOAD,txbuf,TX_PLOAD_WIDTH); //写数据到TX BUF  32个字节
 231   1        NRF_CE=1;                       //CE置高，使能发送
 232   1        while(NRF_IRQ==1);                    //等待发送完成
 233   1        state=NRF24L01_Read_Reg(STATUS);              //读取状态寄存器的值
 234   1        NRF24L01_Write_Reg(WRITE_REG+STATUS,state);       //清除TX_DS或MAX_RT中断标志
 235   1        if(state&MAX_TX)                    //达到最大重发次数
 236   1        {
 237   2          NRF24L01_Write_Reg(FLUSH_TX,0xff);          //清除TX FIFO寄存器
 238   2          return MAX_TX;
 239   2        }
C51 COMPILER V9.01   NRF2401                                                               08/20/2016 20:31:57 PAGE 5   

 240   1        if(state&TX_OK)                     //发送完成
 241   1        {
 242   2          return TX_OK;
 243   2        }
 244   1        return 0xff;                      //发送失败
 245   1      }
 246          
 247          /********************************************/
 248          /* 函数功能：检测24L01是否存在              */
 249          /* 返回值；  0  存在                        */
 250          /*           1  不存在                      */
 251          /********************************************/
 252          uchar NRF24L01_Check(void)
 253          {
 254   1        uchar check_in_buf[5]={0x11,0x22,0x33,0x44,0x55};
 255   1        uchar check_out_buf[5]={0x00};
 256   1      
 257   1        NRF_SCK=0;
 258   1        NRF_CSN=1;
 259   1        NRF_CE=0;
 260   1      
 261   1        NRF24L01_Write_Buf(WRITE_REG+TX_ADDR, check_in_buf, 5);
 262   1      
 263   1        NRF24L01_Read_Buf(READ_REG+TX_ADDR, check_out_buf, 5);
 264   1      
 265   1        if((check_out_buf[0] == 0x11)&&\
 266   1           (check_out_buf[1] == 0x22)&&\
 267   1           (check_out_buf[2] == 0x33)&&\
 268   1           (check_out_buf[3] == 0x44)&&\
 269   1           (check_out_buf[4] == 0x55))return 0;
 270   1        else return 1;
 271   1      }
 272          
 273          
 274          void NRF24L01_RT_Init(void)
 275          {
 276   1        NRF_CE=0;
 277   1          NRF24L01_Write_Reg(WRITE_REG+RX_PW_P0,RX_PLOAD_WIDTH);//选择通道0的有效数据宽度
 278   1          NRF24L01_Write_Reg(FLUSH_RX,0xff);                  //清除RX FIFO寄存器
 279   1          NRF24L01_Write_Buf(WRITE_REG+TX_ADDR,(uchar*)TX_ADDRESS,TX_ADR_WIDTH);//写TX节点地址
 280   1          NRF24L01_Write_Buf(WRITE_REG+RX_ADDR_P0,(uchar*)RX_ADDRESS,RX_ADR_WIDTH); //设置TX节点地址,主要
             -为了使能ACK
 281   1          NRF24L01_Write_Reg(WRITE_REG+EN_AA,0x01);     //使能通道0的自动应答
 282   1          NRF24L01_Write_Reg(WRITE_REG+EN_RXADDR,0x01); //使能通道0的接收地址
 283   1          NRF24L01_Write_Reg(WRITE_REG+SETUP_RETR,0x1a);//设置自动重发间隔时间:500us + 86us;最大自
             -重发次数:10次
 284   1          NRF24L01_Write_Reg(WRITE_REG+RF_CH,0);        //设置RF通道为2.400GHz  频率=2.4+0GHz
 285   1          NRF24L01_Write_Reg(WRITE_REG+RF_SETUP,0x0F);  //设置TX发射参数,0db增益,2Mbps,低噪声增益开
             -启
 286   1          NRF24L01_Write_Reg(WRITE_REG+CONFIG,0x0f);    //配置基本工作模式的参数;PWR_UP,EN_CRC,16BIT_C
             -RC,接收模式,开启所有中断
 287   1        NRF_CE=1;                   //CE置高，使能发送
 288   1      }
 289          
 290          void SEND_BUF(char *buf)
 291          {
 292   1        NRF_CE=0;
 293   1        NRF24L01_Write_Reg(WRITE_REG+CONFIG,0x0e);
 294   1        NRF_CE=1;
 295   1        delay_us(15);
 296   1        NRF24L01_TxPacket(buf);
 297   1        NRF_CE=0;
C51 COMPILER V9.01   NRF2401                                                               08/20/2016 20:31:57 PAGE 6   

 298   1        NRF24L01_Write_Reg(WRITE_REG+CONFIG, 0x0f);
 299   1        NRF_CE=1;
 300   1      }
 301          int main(void)
 302          {
 303   1        while(NRF24L01_Check()); // 等待检测到NRF24L01，程序才会向下执行
 304   1        NRF24L01_RT_Init();
 305   1        sendstring("start");
 306   1        while(1)
 307   1        {
 308   2          if(NRF_IRQ==0)    // 如果无线模块接收到数据
 309   2          {
 310   3              //sendstring("stat");
 311   3            if(NRF24L01_RxPacket(rece_buf)==0)
 312   3            {
 313   4              // tcnt=rece_buf[0];
 314   4              // rece_buf[1]=tcnt+0x30;
 315   4              // rece_buf[0]=1;
 316   4              // SEND_BUF(rece_buf);
 317   4              Sendlength(rece_buf);
 318   4            }
 319   3          }
 320   2        }
 321   1        return 0;
 322   1      }
 323          void Sendlength(uchar *buff)
 324          {
 325   1        int length,count=0;
 326   1        length=strlen(buff);
 327   1        buff[0]=intlen(length-1) ;//发送数组的最高位数
 328   1        Int_to_char(length-1,buff);
 329   1        SEND_BUF(buff);
 330   1      }
 331          int intlen(int num)//计算int类型的数的长度
 332          {
 333   1        int count=0;
 334   1        while(num)
 335   1        {
 336   2          count++;
 337   2          num/=10;
 338   2        }
 339   1        return count;
 340   1      }
 341          void Int_to_char(int num,char *buffer)//将整数拆开放入数组里
 342          {
 343   1        int i=0;
 344   1        for(i=intlen(num);i>0;i--)
 345   1        {
 346   2          buffer[i]=(num)%10+0x30;
 347   2          num/=10;
 348   2        }
 349   1      }
 350          void sendstring(uchar *buffer)//发送数组
 351          {
 352   1        int i;
 353   1        char buffer1[32];
 354   1        for(i=strlen(buffer)-1;i>=0;i--)
 355   1        {
 356   2          buffer1[i+1]=buffer[i];
 357   2        }
 358   1        buffer1[0]=strlen(buffer);
 359   1        SEND_BUF(buffer1);
C51 COMPILER V9.01   NRF2401                                                               08/20/2016 20:31:57 PAGE 7   

 360   1      }


MODULE INFORMATION:   STATIC OVERLAYABLE
   CODE SIZE        =    820    ----
   CONSTANT SIZE    =     16    ----
   XDATA SIZE       =   ----    ----
   PDATA SIZE       =   ----    ----
   DATA SIZE        =     42      72
   IDATA SIZE       =   ----    ----
   BIT SIZE         =   ----    ----
END OF MODULE INFORMATION.


C51 COMPILATION COMPLETE.  0 WARNING(S),  0 ERROR(S)
